Arguments: 
  C:\Program Files\nodejs\node.exe C:\Users\home\AppData\Roaming\npm\node_modules\yarn\bin\yarn.js add @fortawesome/free-solid-svg-icons

PATH: 
  C:\Users\home\bin;C:\Program Files\Git\mingw64\bin;C:\Program Files\Git\usr\local\bin;C:\Program Files\Git\usr\bin;C:\Program Files\Git\usr\bin;C:\Program Files\Git\mingw64\bin;C:\Program Files\Git\usr\bin;C:\Users\home\bin;C:\Windows\system32;C:\Windows;C:\Windows\System32\Wbem;C:\Windows\System32\WindowsPowerShell\v1.0;C:\Windows\System32\OpenSSH;C:\Program Files (x86)\NVIDIA Corporation\PhysX\Common;C:\Program Files\NVIDIA Corporation\NVIDIA NvDLISR;C:\Program Files\Git\cmd;C:\Program Files\nodejs;C:\Program Files\Microsoft SQL Server\120\Tools\Binn;C:\Program Files\Common Files\Autodesk Shared;C:\Program Files\PostgreSQL\14\bin;C:\Users\home\AppData\Local\Microsoft\WindowsApps;C:\Users\home\AppData\Local\Programs\Microsoft VS Code\bin;C:\Users\home\AppData\Roaming\npm;C:\Program Files\MongoDB\Server\6.0\bin;C:\Program Files\MySQL\MySQL Server 8.0\bin;C:\Program Files\Git\usr\bin\vendor_perl;C:\Program Files\Git\usr\bin\core_perl

Yarn version: 
  1.22.19

Node version: 
  18.15.0

Platform: 
  win32 x64

Trace: 
  Error: EPERM: operation not permitted, unlink 'C:\Users\home\Desktop\projet tutore\Handivision\front_bastos\node_modules\@lmdb\lmdb-win32-x64\node.abi108.node'

npm manifest: 
  {
    "name": "handivision",
    "version": "1.0.0",
    "description": "",
    "main": "index.js",
    "type": "module",
    "scripts": {
      "test": "echo \"Error: no test specified\" && exit 1",
      "start": "parcel src/index.html",
      "build": "parcel build",
      "tested": "jest"
    },
    "keywords": [],
    "author": "",
    "license": "ISC",
    "dependencies": {
      "@testing-library/jest-dom": "^6.1.3",
      "@testing-library/react": "^14.0.0",
      "animate.css": "^4.1.1",
      "bootstrap": "^5.3.2",
      "express": "^4.18.2",
      "jest": "^29.7.0",
      "jwt-decode": "^3.1.2",
      "react": "^18.2.0",
      "react-bootstrap": "^2.9.0",
      "react-dom": "^18.2.0",
      "react-router-dom": "^6.16.0"
    },
    "devDependencies": {
      "parcel": "^2.9.3",
      "process": "^0.11.10"
    }
  }

yarn manifest: 
  No manifest

Lockfile: 
  No lockfile
